<?xml version="1.0" encoding="UTF-8"?>
<!-- Generated by org.testng.reporters.JUnitReportReporter -->
<testsuite skipped="0" hostname="aida-HP-EliteBook-8470p" name="com.carpooling.service.AppTest" tests="1" failures="0" timestamp="2018-10-22T16:52:58 CEST" time="0.018" errors="0">
  <testcase name="shouldAnswerWithTrue" time="0.018" classname="com.carpooling.service.AppTest"/>
</testsuite> <!-- com.carpooling.service.AppTest -->
